<?xml version="1.0" encoding="UTF-8"?>
<testng-results ignored="0" total="2" passed="2" failed="0" skipped="0">
  <reporter-output>
  </reporter-output>
  <suite started-at="2026-04-21T11:46:12 IST" name="Default suite" finished-at="2026-04-21T11:48:20 IST" duration-ms="128382">
    <groups>
    </groups>
    <test started-at="2026-04-21T11:46:12 IST" name="Default test" finished-at="2026-04-21T11:48:20 IST" duration-ms="128382">
      <class name="MainTest.BusSelection">
        <test-method is-config="true" signature="openBrowser()[pri:0, instance:MainTest.BusSelection@639c2c1d]" started-at="2026-04-21T11:46:14 IST" name="openBrowser" finished-at="2026-04-21T11:46:24 IST" duration-ms="10247" status="PASS">
          <reporter-output>
          </reporter-output>
        </test-method> <!-- openBrowser -->
        <test-method signature="mainTest(java.lang.String,java.lang.String,java.lang.String,java.lang.String,java.lang.String,java.lang.String,java.lang.String,java.lang.String,java.lang.String,java.lang.String,java.lang.String,java.lang.String,java.lang.String)[pri:0, instance:MainTest.BusSelection@639c2c1d]" started-at="2026-04-21T11:46:24 IST" name="mainTest" data-provider="ActualData" finished-at="2026-04-21T11:47:17 IST" duration-ms="52838" status="PASS">
          <params>
            <param index="0">
              <value>
                <![CDATA[TestCase_1]]>
              </value>
            </param>
            <param index="1">
              <value>
                <![CDATA[Gachibowli, Hyderabad]]>
              </value>
            </param>
            <param index="2">
              <value>
                <![CDATA[Koramangala, Bangalore]]>
              </value>
            </param>
            <param index="3">
              <value>
                <![CDATA[6000]]>
              </value>
            </param>
            <param index="4">
              <value>
                <![CDATA[Jane Doe]]>
              </value>
            </param>
            <param index="5">
              <value>
                <![CDATA[22]]>
              </value>
            </param>
            <param index="6">
              <value>
                <![CDATA[West Bengal]]>
              </value>
            </param>
            <param index="7">
              <value>
                <![CDATA[Gachibowli]]>
              </value>
            </param>
            <param index="8">
              <value>
                <![CDATA[Koramangala]]>
              </value>
            </param>
            <param index="9">
              <value>
                <![CDATA[9999900000]]>
              </value>
            </param>
            <param index="10">
              <value>
                <![CDATA[abc@gmail.com]]>
              </value>
            </param>
            <param index="11">
              <value>
                <![CDATA[Gachibowli]]>
              </value>
            </param>
            <param index="12">
              <value>
                <![CDATA[Koramangala]]>
              </value>
            </param>
          </params>
          <reporter-output>
          </reporter-output>
        </test-method> <!-- mainTest -->
        <test-method is-config="true" signature="TearDown()[pri:0, instance:MainTest.BusSelection@639c2c1d]" started-at="2026-04-21T11:47:17 IST" name="TearDown" finished-at="2026-04-21T11:47:18 IST" duration-ms="323" status="PASS">
          <reporter-output>
          </reporter-output>
        </test-method> <!-- TearDown -->
        <test-method is-config="true" signature="openBrowser()[pri:0, instance:MainTest.BusSelection@639c2c1d]" started-at="2026-04-21T11:47:18 IST" name="openBrowser" finished-at="2026-04-21T11:47:24 IST" duration-ms="6495" status="PASS">
          <reporter-output>
          </reporter-output>
        </test-method> <!-- openBrowser -->
        <test-method signature="mainTest(java.lang.String,java.lang.String,java.lang.String,java.lang.String,java.lang.String,java.lang.String,java.lang.String,java.lang.String,java.lang.String,java.lang.String,java.lang.String,java.lang.String,java.lang.String)[pri:0, instance:MainTest.BusSelection@639c2c1d]" started-at="2026-04-21T11:47:24 IST" name="mainTest" data-provider="ActualData" finished-at="2026-04-21T11:48:20 IST" duration-ms="55726" status="PASS">
          <params>
            <param index="0">
              <value>
                <![CDATA[TestCase_2]]>
              </value>
            </param>
            <param index="1">
              <value>
                <![CDATA[HSR Layout, Bangalore]]>
              </value>
            </param>
            <param index="2">
              <value>
                <![CDATA[Koyambedu, Chennai]]>
              </value>
            </param>
            <param index="3">
              <value>
                <![CDATA[3000]]>
              </value>
            </param>
            <param index="4">
              <value>
                <![CDATA[John Doe]]>
              </value>
            </param>
            <param index="5">
              <value>
                <![CDATA[45]]>
              </value>
            </param>
            <param index="6">
              <value>
                <![CDATA[West Bengal]]>
              </value>
            </param>
            <param index="7">
              <value>
                <![CDATA[HSR Layout]]>
              </value>
            </param>
            <param index="8">
              <value>
                <![CDATA[Koyambedu]]>
              </value>
            </param>
            <param index="9">
              <value>
                <![CDATA[9999988888]]>
              </value>
            </param>
            <param index="10">
              <value>
                <![CDATA[abc@gmail.com]]>
              </value>
            </param>
            <param index="11">
              <value>
                <![CDATA[Bengaluru - HSR Layout]]>
              </value>
            </param>
            <param index="12">
              <value>
                <![CDATA[Chennai - Koyambedu Canara Bank]]>
              </value>
            </param>
          </params>
          <reporter-output>
          </reporter-output>
        </test-method> <!-- mainTest -->
        <test-method is-config="true" signature="TearDown()[pri:0, instance:MainTest.BusSelection@639c2c1d]" started-at="2026-04-21T11:48:20 IST" name="TearDown" finished-at="2026-04-21T11:48:20 IST" duration-ms="240" status="PASS">
          <reporter-output>
          </reporter-output>
        </test-method> <!-- TearDown -->
      </class> <!-- MainTest.BusSelection -->
    </test> <!-- Default test -->
  </suite> <!-- Default suite -->
</testng-results>
